const express = require('express');
const fetch = require('node-fetch');

const app = express();

// ✅ CORS
app.use((req, res, next) => {
  res.header('Access-Control-Allow-Origin', '*');
  res.header('Access-Control-Allow-Methods', 'GET, POST, OPTIONS');
  res.header('Access-Control-Allow-Headers', 'Content-Type');
  if (req.method === 'OPTIONS') return res.sendStatus(200);
  next();
});

// ✅ 解析请求体
app.use(express.json({ type: ['application/json', 'text/plain'] }));
app.use(express.text());

// 配置
const PIXEL_ID = '2079561172587594';
const ACCESS_TOKEN = 'EAAg9kpg2aZCsBRXNu9Dbc1p4y2a9f5d698reyse7702hp4k0p7mzcfqa92c9ef5rpq6g7u293yqs3vvdkf5rpq6g7u29bc1p4y2a9f5d698reyse7702hp4k0p7mzcfqa92c9ef5rpq6g7u293yqs3vvdk7702hp4k0p7mzcfqa92c9ef5rpq6g7u29bc1p4y2a9f5d698reyse7702hp4k0p7mzcfqa92c9ef5rpq6g7u293yqs3vvdkpfS1LWZAA69rZAvogXM0EGhIMfGEC44X0vwADgFhYmpPbLPf0d9JoHHrPPzKuQwJyaspM8zdaP7vgZDZD';
const TEST_EVENT_CODE = 'TEST71233';

// ✅ 1. 主接口：/track
app.post('/track', async (req, res) => {
  try {
    let body = req.body;
    if (typeof body === 'string') {
      try { body = JSON.parse(body); } catch (e) {
        console.log('❌ JSON parse error:', body);
        return res.status(400).json({ error: 'Invalid JSON' });
      }
    }

    console.log('✅ 收到前端数据:', body);

    const fbRes = await fetch(
      `https://graph.facebook.com/v19.0/${PIXEL_ID}/events?access_token=${ACCESS_TOKEN}`,
      {
        method: 'POST',
        headers: { 'Content-Type': 'application/json' },
        body: JSON.stringify({
          data: [{
            event_name: body.event || 'Lead',
            event_time: Math.floor(Date.now() / 1000),
            event_id: body.event_id,
            action_source: 'website',
            user_data: {
              client_ip_address: (req.headers['x-forwarded-for'] || '').split(',')[0].trim(),
              client_user_agent: req.headers['user-agent'] || ''
            },
            custom_data: {
              content_name: body.label || 'unknown'
            }
          }],
          test_event_code: TEST_EVENT_CODE
        })
      }
    );

    const result = await fbRes.json();
    console.log('🔥 Facebook 返回:', result);
    res.json({ success: true, result });

  } catch (err) {
    console.log('❌ 服务器错误:', err.message);
    res.status(500).json({ error: true, message: err.message });
  }
});

// ✅ 2. 测试接口：/test（必须写在 app.listen 之前！）
app.get('/test', async (req, res) => {
  try {
    const test = await fetch(`https://graph.facebook.com/v19.0/${PIXEL_ID}?fields=id&access_token=${ACCESS_TOKEN}`);
    const data = await test.json();
    console.log('✅ TOKEN 测试成功:', data);
    res.json(data);
  } catch (e) {
    console.log('❌ TOKEN 测试失败:', e.message);
    res.status(500).json({ error: e.message });
  }
});

// ✅ 启动服务
const PORT = process.env.PORT || 3000;
app.listen(PORT, () => {
  console.log('✅ 服务已启动，端口:', PORT);
});
